
Solucao otima - :23.0
Conjuntos
X[0]	-0.0
X[1]	-0.0
X[2]	-0.0
X[3]	-0.0
X[4]	-0.0
X[5]	-0.0
X[6]	-0.0
X[7]	-0.0
X[8]	1.0
X[9]	-0.0
X[10]	-0.0
X[11]	-0.0
X[12]	-0.0
X[13]	-0.0
X[14]	-0.0
X[15]	-0.0
X[16]	-0.0
X[17]	-0.0
X[18]	-0.0
X[19]	-0.0
X[20]	-0.0
X[21]	-0.0
X[22]	-0.0
X[23]	-0.0
X[24]	-0.0
X[25]	-0.0
X[26]	-0.0
X[27]	-0.0
X[28]	1.0
X[29]	-0.0
X[30]	-0.0
X[31]	-0.0
X[32]	-0.0
X[33]	-0.0
X[34]	-0.0
X[35]	1.0
X[36]	-0.0
X[37]	-0.0
X[38]	-0.0
X[39]	-0.0
X[40]	-0.0
X[41]	-0.0
X[42]	-0.0
X[43]	-0.0
X[44]	-0.0
X[45]	-0.0
X[46]	-0.0
X[47]	-0.0
X[48]	-0.0
X[49]	-0.0
X[50]	-0.0
X[51]	-0.0
X[52]	-0.0
X[53]	-0.0
X[54]	-0.0
X[55]	-0.0
X[56]	-0.0
X[57]	1.0
X[58]	-0.0
X[59]	-0.0
X[60]	-0.0
X[61]	-0.0
X[62]	-0.0
X[63]	-0.0
X[64]	-0.0
X[65]	-0.0
X[66]	-0.0
X[67]	-0.0
X[68]	1.0
X[69]	-0.0
X[70]	-0.0
X[71]	-0.0
X[72]	-0.0
X[73]	-0.0
X[74]	-0.0
X[75]	-0.0
X[76]	-0.0
X[77]	-0.0
X[78]	-0.0
X[79]	-0.0
X[80]	-0.0
X[81]	-0.0
X[82]	-0.0
X[83]	-0.0
X[84]	-0.0
X[85]	-0.0
X[86]	-0.0
X[87]	-0.0
X[88]	-0.0
X[89]	-0.0
X[90]	-0.0
X[91]	-0.0
X[92]	-0.0
X[93]	-0.0
X[94]	-0.0
X[95]	-0.0
X[96]	-0.0
X[97]	-0.0
X[98]	-0.0
X[99]	-0.0
X[100]	-0.0
X[101]	1.0
X[102]	-0.0
X[103]	-0.0
X[104]	-0.0
X[105]	-0.0
X[106]	1.0
X[107]	-0.0
X[108]	-0.0
X[109]	-0.0
X[110]	-0.0
X[111]	-0.0
X[112]	-0.0
X[113]	-0.0
X[114]	-0.0
X[115]	-0.0
X[116]	-0.0
X[117]	-0.0
X[118]	-0.0
X[119]	-0.0
X[120]	-0.0
X[121]	-0.0
X[122]	-0.0
X[123]	1.0
X[124]	-0.0
X[125]	-0.0
X[126]	-0.0
X[127]	-0.0
X[128]	-0.0
X[129]	-0.0
X[130]	-0.0
X[131]	-0.0
X[132]	-0.0
X[133]	-0.0
X[134]	-0.0
X[135]	-0.0
X[136]	1.0
X[137]	-0.0
X[138]	-0.0
X[139]	-0.0
X[140]	-0.0
X[141]	-0.0
X[142]	-0.0
X[143]	-0.0
X[144]	-0.0
X[145]	-0.0
X[146]	-0.0
X[147]	-0.0
X[148]	-0.0
X[149]	-0.0
X[150]	-0.0
X[151]	0.0
X[152]	-0.0
X[153]	-0.0
X[154]	-0.0
X[155]	-0.0
X[156]	-0.0
X[157]	-0.0
X[158]	-0.0
X[159]	-0.0
X[160]	1.0
X[161]	-0.0
X[162]	-0.0
X[163]	-0.0
X[164]	-0.0
X[165]	-0.0
X[166]	-0.0
X[167]	-0.0
X[168]	-0.0
X[169]	-0.0
X[170]	-0.0
X[171]	0.0
X[172]	-0.0
X[173]	1.0
X[174]	-0.0
X[175]	-0.0
X[176]	-0.0
X[177]	-0.0
X[178]	-0.0
X[179]	-0.0
X[180]	-0.0
X[181]	-0.0
X[182]	-0.0
X[183]	-0.0
X[184]	-0.0
X[185]	-0.0
X[186]	-0.0
X[187]	-0.0
X[188]	-0.0
X[189]	1.0
X[190]	-0.0
X[191]	-0.0
X[192]	-0.0
X[193]	-0.0
X[194]	-0.0
X[195]	-0.0
X[196]	-0.0
X[197]	-0.0
X[198]	-0.0
X[199]	-0.0
X[200]	-0.0
X[201]	-0.0
X[202]	-0.0
X[203]	-0.0
X[204]	1.0
X[205]	-0.0
X[206]	-0.0
X[207]	-0.0
X[208]	-0.0
X[209]	-0.0
X[210]	-0.0
X[211]	-0.0
X[212]	1.0
X[213]	-0.0
X[214]	-0.0
X[215]	-0.0
X[216]	-0.0
X[217]	-0.0
X[218]	-0.0
X[219]	-0.0
X[220]	-0.0
X[221]	-0.0
X[222]	-0.0
X[223]	-0.0
X[224]	-0.0
X[225]	-0.0
X[226]	-0.0
X[227]	-0.0
X[228]	-0.0
X[229]	-0.0
X[230]	-0.0
X[231]	-0.0
X[232]	-0.0
X[233]	-0.0
X[234]	-0.0
X[235]	-0.0
X[236]	1.0
X[237]	-0.0
X[238]	-0.0
X[239]	-0.0
X[240]	-0.0
X[241]	-0.0
X[242]	-0.0
X[243]	-0.0
X[244]	-0.0
X[245]	-0.0
X[246]	-0.0
X[247]	-0.0
X[248]	-0.0
X[249]	-0.0
X[250]	-0.0
X[251]	-0.0
X[252]	-0.0
X[253]	-0.0
X[254]	1.0
X[255]	-0.0
X[256]	-0.0
X[257]	-0.0
X[258]	-0.0
X[259]	-0.0
X[260]	-0.0
X[261]	-0.0
X[262]	-0.0
X[263]	-0.0
X[264]	-0.0
X[265]	-0.0
X[266]	-0.0
X[267]	-0.0
X[268]	-0.0
X[269]	-0.0
X[270]	-0.0
X[271]	-0.0
X[272]	-0.0
X[273]	0.0
X[274]	-0.0
X[275]	-0.0
X[276]	0.0
X[277]	-0.0
X[278]	-0.0
X[279]	-0.0
X[280]	-0.0
X[281]	-0.0
X[282]	-0.0
X[283]	-0.0
X[284]	-0.0
X[285]	-0.0
X[286]	-0.0
X[287]	-0.0
X[288]	-0.0
X[289]	-0.0
X[290]	1.0
X[291]	-0.0
X[292]	-0.0
X[293]	-0.0
X[294]	-0.0
X[295]	-0.0
X[296]	-0.0
X[297]	-0.0
X[298]	-0.0
X[299]	-0.0
X[300]	-0.0
X[301]	-0.0
X[302]	-0.0
X[303]	0.0
X[304]	-0.0
X[305]	-0.0
X[306]	1.0
X[307]	0.0
X[308]	-0.0
X[309]	-0.0
X[310]	-0.0
X[311]	-0.0
X[312]	-0.0
X[313]	-0.0
X[314]	0.0
X[315]	-0.0
X[316]	-0.0
X[317]	-0.0
X[318]	1.0
X[319]	-0.0
X[320]	-0.0
X[321]	-0.0
X[322]	-0.0
X[323]	-0.0
X[324]	-0.0
X[325]	-0.0
X[326]	-0.0
X[327]	-0.0
X[328]	-0.0
X[329]	-0.0
X[330]	-0.0
X[331]	-0.0
X[332]	0.0
X[333]	1.0
X[334]	-0.0
X[335]	-0.0
X[336]	-0.0
X[337]	-0.0
X[338]	-0.0
X[339]	-0.0
X[340]	-0.0
X[341]	-0.0
X[342]	-0.0
X[343]	-0.0
X[344]	-0.0
X[345]	-0.0
X[346]	-0.0
X[347]	-0.0
X[348]	-0.0
X[349]	-0.0
X[350]	-0.0
X[351]	-0.0
X[352]	-0.0
X[353]	-0.0
X[354]	-0.0
X[355]	-0.0
X[356]	-0.0
X[357]	-0.0
X[358]	-0.0
X[359]	-0.0
X[360]	1.0
X[361]	-0.0
X[362]	-0.0
X[363]	-0.0
X[364]	-0.0
X[365]	-0.0
X[366]	-0.0
X[367]	-0.0
X[368]	-0.0
X[369]	0.0
X[370]	-0.0
X[371]	-0.0
X[372]	-0.0
X[373]	-0.0
X[374]	-0.0
X[375]	-0.0
X[376]	-0.0
X[377]	0.0
X[378]	-0.0
X[379]	-0.0
X[380]	-0.0
X[381]	-0.0
X[382]	-0.0
X[383]	0.0
X[384]	-0.0
X[385]	-0.0
X[386]	0.0
X[387]	-0.0
X[388]	-0.0
X[389]	-0.0
X[390]	-0.0
X[391]	-0.0
X[392]	-0.0
X[393]	1.0
X[394]	-0.0
X[395]	-0.0
X[396]	-0.0
X[397]	-0.0
X[398]	-0.0
X[399]	-0.0
X[400]	-0.0
X[401]	-0.0
X[402]	-0.0
X[403]	-0.0
X[404]	-0.0
X[405]	-0.0
X[406]	-0.0
X[407]	-0.0
X[408]	-0.0
X[409]	0.0
X[410]	-0.0
X[411]	-0.0
X[412]	-0.0
X[413]	-0.0
X[414]	-0.0
X[415]	-0.0
X[416]	-0.0
X[417]	-0.0
X[418]	-0.0
X[419]	-0.0
X[420]	-0.0
X[421]	-0.0
X[422]	-0.0
X[423]	-0.0
X[424]	-0.0
X[425]	-0.0
X[426]	-0.0
X[427]	-0.0
X[428]	-0.0
X[429]	-0.0
X[430]	-0.0
X[431]	-0.0
X[432]	-0.0
X[433]	-0.0
X[434]	-0.0
X[435]	-0.0
X[436]	1.0
X[437]	-0.0
X[438]	-0.0
X[439]	-0.0
X[440]	-0.0
X[441]	-0.0
X[442]	-0.0
X[443]	-0.0
X[444]	-0.0
X[445]	-0.0
X[446]	-0.0
X[447]	-0.0
X[448]	-0.0
X[449]	-0.0
Numero de iteracoes (Simplex): 2641.0
Numero de nos explorados (BnB): 1.0

Tempo de execucao: 1.0663211345672607
