---------------------------------------------
----------------- Parametros ----------------
---------------------------------------------
MIPFocus: 0
Threads: 0
Cuts: -1
Presolve: -1
BranchDir: 0
DisplayInterval: 5
VarBranch: -1
Heuristics: 0.05
NodeLimit: 1e+100
TimeLimit: 1e+100
------------------- Output ------------------
3
Tempo de execução: 0.0114441

---------------------------------------------
----------------- Parametros ----------------
---------------------------------------------
MIPFocus: 0
Threads: 0
Cuts: -1
Presolve: -1
BranchDir: 0
DisplayInterval: 5
VarBranch: -1
Heuristics: 0.05
NodeLimit: 1e+100
TimeLimit: 1e+100
------------------- Output ------------------
3
Tempo de execução: 0.011122

---------------------------------------------
----------------- Parametros ----------------
---------------------------------------------
MIPFocus: 0
Threads: 0
Cuts: -1
Presolve: -1
BranchDir: 0
DisplayInterval: 5
VarBranch: -1
Heuristics: 0.05
NodeLimit: 1e+100
TimeLimit: 1e+100
------------------- Output ------------------
3
Tempo de execução: 0.010978

---------------------------------------------
----------------- Parametros ----------------
---------------------------------------------
MIPFocus: 0
Threads: 0
Cuts: -1
Presolve: -1
BranchDir: 0
DisplayInterval: 5
VarBranch: -1
Heuristics: 0.05
NodeLimit: 1e+100
TimeLimit: 1e+100
------------------- Output ------------------
3
Tempo de execução: 0.011059

---------------------------------------------
----------------- Parametros ----------------
---------------------------------------------
MIPFocus: 0
Threads: 0
Cuts: -1
Presolve: -1
BranchDir: 0
DisplayInterval: 5
VarBranch: -1
Heuristics: 0.05
NodeLimit: 1e+100
TimeLimit: 1e+100
------------------- Output ------------------
3
Tempo de execução: 0.0112979

---------------------------------------------
----------------- Parametros ----------------
---------------------------------------------
MIPFocus: 2
Threads: 0
Cuts: -1
Presolve: -1
BranchDir: 0
DisplayInterval: 5
VarBranch: -1
Heuristics: 0.05
NodeLimit: 1e+100
TimeLimit: 1e+100
------------------- Output ------------------
3
Tempo de execução: 0.00148296

---------------------------------------------
----------------- Parametros ----------------
---------------------------------------------
MIPFocus: 0
Threads: 0
Cuts: -1
Presolve: -1
BranchDir: 0
DisplayInterval: 5
VarBranch: -1
Heuristics: 0.05
NodeLimit: 1e+100
TimeLimit: 1e+100
------------------- Output ------------------
3
Tempo de execução: 0.00458002

---------------------------------------------
----------------- Parametros ----------------
---------------------------------------------
MIPFocus: 0
Threads: 0
Cuts: -1
Presolve: -1
BranchDir: 0
DisplayInterval: 5
VarBranch: -1
Heuristics: 0.05
NodeLimit: 1e+100
TimeLimit: 1e+100
------------------- Output ------------------
3
Tempo de execução: 0.0107279

---------------------------------------------
----------------- Parametros ----------------
---------------------------------------------
MIPFocus: 0
Threads: 0
Cuts: -1
Presolve: -1
BranchDir: 0
DisplayInterval: 5
VarBranch: -1
Heuristics: 0.05
NodeLimit: 1e+100
TimeLimit: 1e+100
------------------- Output ------------------
3
Tempo de execução: 0.00498581

---------------------------------------------
----------------- Parametros ----------------
---------------------------------------------
MIPFocus: 0
Threads: 0
Cuts: -1
Presolve: -1
BranchDir: 0
DisplayInterval: 5
VarBranch: -1
Heuristics: 0.05
NodeLimit: 1e+100
TimeLimit: 1e+100
------------------- Output ------------------
3
Tempo de execução: 0.0118701

---------------------------------------------
----------------- Parametros ----------------
---------------------------------------------
MIPFocus: 0
Threads: 0
Cuts: -1
Presolve: -1
BranchDir: 0
DisplayInterval: 5
VarBranch: -1
Heuristics: 0.05
NodeLimit: 1e+100
TimeLimit: 1e+100
------------------- Output ------------------
3
Tempo de execução: 0.0109329

---------------------------------------------
----------------- Parametros ----------------
---------------------------------------------
MIPFocus: 0
Threads: 0
Cuts: -1
Presolve: -1
BranchDir: 0
DisplayInterval: 5
VarBranch: -1
Heuristics: 0.05
NodeLimit: 1e+100
TimeLimit: 1e+100
------------------- Output ------------------
3
Tempo de execução: 0.00993991

---------------------------------------------
----------------- Parametros ----------------
---------------------------------------------
MIPFocus: 0
Threads: 0
Cuts: -1
Presolve: -1
BranchDir: 0
DisplayInterval: 5
VarBranch: -1
Heuristics: 0.05
NodeLimit: 1e+100
TimeLimit: 1e+100
------------------- Output ------------------
3
Tempo de execução: 0.00935292

---------------------------------------------
----------------- Parametros ----------------
---------------------------------------------
MIPFocus: 0
Threads: 0
Cuts: -1
Presolve: -1
BranchDir: 0
DisplayInterval: 5
VarBranch: -1
Heuristics: 0.05
NodeLimit: 1e+100
TimeLimit: 1e+100
------------------- Output ------------------
3
Tempo de execução: 0.00966287

---------------------------------------------
----------------- Parametros ----------------
---------------------------------------------
MIPFocus: 0
Threads: 0
Cuts: -1
Presolve: -1
BranchDir: 0
DisplayInterval: 5
VarBranch: -1
Heuristics: 0.05
NodeLimit: 1e+100
TimeLimit: 1e+100
------------------- Output ------------------
3
Tempo de execução: 0.0109308

---------------------------------------------
----------------- Parametros ----------------
---------------------------------------------
MIPFocus: 0
Threads: 0
Cuts: -1
Presolve: -1
BranchDir: 0
DisplayInterval: 5
VarBranch: -1
Heuristics: 0.05
NodeLimit: 1e+100
TimeLimit: 1e+100
------------------- Output ------------------
3
Tempo de execução: 0.0159659

